<?xml version="1.0" encoding="UTF-8"?>
<!-- Generated by org.testng.reporters.JUnitReportReporter -->
<testsuite skipped="0" hostname="Sahebstua" name="rsaha.learn.SelTestin.SamTest" tests="1" failures="0" timestamp="23 Jun 2020 17:01:12 GMT" time="44.966" errors="0">
  <testcase name="TestMthd" time="44.966" classname="rsaha.learn.SelTestin.SamTest"/>
</testsuite> <!-- rsaha.learn.SelTestin.SamTest -->
